{"/home/cye/Projects/gemini-extension-web-handoff/mcp-server/src/client.ts": {"path":"/home/cye/Projects/gemini-extension-web-handoff/mcp-server/src/client.ts","statementMap":{"0":{"start":{"line":10,"column":0},"end":{"line":10,"column":7}},"1":{"start":{"line":55,"column":0},"end":{"line":55,"column":16}},"2":{"start":{"line":1,"column":0},"end":{"line":1,"column":36}},"3":{"start":{"line":2,"column":0},"end":{"line":2,"column":25}},"4":{"start":{"line":3,"column":0},"end":{"line":3,"column":29}},"5":{"start":{"line":4,"column":0},"end":{"line":4,"column":25}},"6":{"start":{"line":5,"column":0},"end":{"line":5,"column":31}},"7":{"start":{"line":7,"column":13},"end":{"line":7,"column":17}},"8":{"start":{"line":8,"column":24},"end":{"line":8,"column":79}},"9":{"start":{"line":11,"column":2},"end":{"line":52,"column":5}},"10":{"start":{"line":13,"column":15},"end":{"line":13,"column":58}},"11":{"start":{"line":15,"column":4},"end":{"line":19,"column":7}},"12":{"start":{"line":17,"column":6},"end":{"line":17,"column":17}},"13":{"start":{"line":18,"column":6},"end":{"line":18,"column":21}},"14":{"start":{"line":21,"column":4},"end":{"line":28,"column":7}},"15":{"start":{"line":22,"column":6},"end":{"line":27,"column":7}},"16":{"start":{"line":24,"column":8},"end":{"line":24,"column":22}},"17":{"start":{"line":26,"column":8},"end":{"line":26,"column":20}},"18":{"start":{"line":31,"column":6},"end":{"line":36,"column":7}},"19":{"start":{"line":32,"column":22},"end":{"line":32,"column":63}},"20":{"start":{"line":33,"column":8},"end":{"line":33,"column":23}},"21":{"start":{"line":35,"column":8},"end":{"line":35,"column":81}},"22":{"start":{"line":40,"column":25},"end":{"line":40,"column":58}},"23":{"start":{"line":41,"column":20},"end":{"line":44,"column":8}},"24":{"start":{"line":45,"column":6},"end":{"line":45,"column":20}},"25":{"start":{"line":48,"column":6},"end":{"line":50,"column":14}},"26":{"start":{"line":49,"column":8},"end":{"line":49,"column":23}},"27":{"start":{"line":56,"column":2},"end":{"line":68,"column":5}},"28":{"start":{"line":57,"column":15},"end":{"line":57,"column":58}},"29":{"start":{"line":59,"column":4},"end":{"line":63,"column":7}},"30":{"start":{"line":60,"column":6},"end":{"line":60,"column":64}},"31":{"start":{"line":61,"column":6},"end":{"line":61,"column":17}},"32":{"start":{"line":62,"column":6},"end":{"line":62,"column":16}},"33":{"start":{"line":65,"column":4},"end":{"line":67,"column":7}},"34":{"start":{"line":66,"column":6},"end":{"line":66,"column":18}}},"fnMap":{"0":{"name":"ensureDaemonRunning","decl":{"start":{"line":10,"column":22},"end":{"line":10,"column":41}},"loc":{"start":{"line":10,"column":41},"end":{"line":53,"column":1}}},"1":{"name":"(anonymous_10)","decl":{"start":{"line":11,"column":21},"end":{"line":11,"column":22}},"loc":{"start":{"line":11,"column":41},"end":{"line":52,"column":3}}},"2":{"name":"(anonymous_11)","decl":{"start":{"line":15,"column":18},"end":{"line":15,"column":21}},"loc":{"start":{"line":15,"column":23},"end":{"line":19,"column":5}}},"3":{"name":"(anonymous_12)","decl":{"start":{"line":21,"column":19},"end":{"line":21,"column":20}},"loc":{"start":{"line":21,"column":32},"end":{"line":28,"column":5}}},"4":{"name":"resolveToken","decl":{"start":{"line":30,"column":13},"end":{"line":30,"column":25}},"loc":{"start":{"line":30,"column":25},"end":{"line":37,"column":5}}},"5":{"name":"startDaemon","decl":{"start":{"line":39,"column":13},"end":{"line":39,"column":24}},"loc":{"start":{"line":39,"column":24},"end":{"line":51,"column":5}}},"6":{"name":"(anonymous_15)","decl":{"start":{"line":48,"column":17},"end":{"line":48,"column":20}},"loc":{"start":{"line":48,"column":22},"end":{"line":50,"column":7}}},"7":{"name":"sendPromptToDaemon","decl":{"start":{"line":55,"column":16},"end":{"line":55,"column":34}},"loc":{"start":{"line":55,"column":49},"end":{"line":69,"column":1}}},"8":{"name":"(anonymous_17)","decl":{"start":{"line":56,"column":21},"end":{"line":56,"column":22}},"loc":{"start":{"line":56,"column":41},"end":{"line":68,"column":3}}},"9":{"name":"(anonymous_18)","decl":{"start":{"line":59,"column":18},"end":{"line":59,"column":21}},"loc":{"start":{"line":59,"column":23},"end":{"line":63,"column":5}}},"10":{"name":"(anonymous_19)","decl":{"start":{"line":65,"column":19},"end":{"line":65,"column":20}},"loc":{"start":{"line":65,"column":27},"end":{"line":67,"column":5}}}},"branchMap":{"0":{"loc":{"start":{"line":22,"column":6},"end":{"line":27,"column":7}},"type":"if","locations":[{"start":{"line":22,"column":6},"end":{"line":27,"column":7}},{"start":{"line":25,"column":13},"end":{"line":27,"column":7}}]}},"s":{"0":1,"1":1,"2":1,"3":1,"4":1,"5":1,"6":1,"7":1,"8":1,"9":2,"10":2,"11":2,"12":1,"13":1,"14":2,"15":1,"16":1,"17":0,"18":2,"19":2,"20":2,"21":0,"22":1,"23":1,"24":1,"25":1,"26":1,"27":1,"28":1,"29":1,"30":1,"31":1,"32":1,"33":1,"34":0},"f":{"0":2,"1":2,"2":1,"3":1,"4":2,"5":1,"6":1,"7":1,"8":1,"9":1,"10":0},"b":{"0":[1,0]}}
,"/home/cye/Projects/gemini-extension-web-handoff/mcp-server/src/tools.ts": {"path":"/home/cye/Projects/gemini-extension-web-handoff/mcp-server/src/tools.ts","statementMap":{"0":{"start":{"line":12,"column":0},"end":{"line":12,"column":7}},"1":{"start":{"line":1,"column":0},"end":{"line":1,"column":24}},"2":{"start":{"line":2,"column":0},"end":{"line":2,"column":67}},"3":{"start":{"line":3,"column":0},"end":{"line":3,"column":20}},"4":{"start":{"line":4,"column":0},"end":{"line":4,"column":29}},"5":{"start":{"line":5,"column":0},"end":{"line":5,"column":24}},"6":{"start":{"line":7,"column":13},"end":{"line":10,"column":3}},"7":{"start":{"line":13,"column":2},"end":{"line":48,"column":3}},"8":{"start":{"line":14,"column":18},"end":{"line":14,"column":45}},"9":{"start":{"line":18,"column":4},"end":{"line":29,"column":5}},"10":{"start":{"line":19,"column":18},"end":{"line":19,"column":30}},"11":{"start":{"line":20,"column":6},"end":{"line":27,"column":7}},"12":{"start":{"line":21,"column":8},"end":{"line":26,"column":9}},"13":{"start":{"line":22,"column":30},"end":{"line":22,"column":55}},"14":{"start":{"line":23,"column":10},"end":{"line":23,"column":60}},"15":{"start":{"line":25,"column":10},"end":{"line":25,"column":67}},"16":{"start":{"line":28,"column":6},"end":{"line":28,"column":33}},"17":{"start":{"line":32,"column":4},"end":{"line":32,"column":42}},"18":{"start":{"line":34,"column":4},"end":{"line":39,"column":6}},"19":{"start":{"line":41,"column":4},"end":{"line":47,"column":6}}},"fnMap":{"0":{"name":"handleDelegateWebResearch","decl":{"start":{"line":12,"column":22},"end":{"line":12,"column":47}},"loc":{"start":{"line":12,"column":95},"end":{"line":49,"column":1}}}},"branchMap":{"0":{"loc":{"start":{"line":18,"column":4},"end":{"line":29,"column":5}},"type":"if","locations":[{"start":{"line":18,"column":4},"end":{"line":29,"column":5}},{"start":{},"end":{}}]},"1":{"loc":{"start":{"line":18,"column":8},"end":{"line":18,"column":59}},"type":"binary-expr","locations":[{"start":{"line":18,"column":8},"end":{"line":18,"column":26}},{"start":{"line":18,"column":30},"end":{"line":18,"column":59}}]},"2":{"loc":{"start":{"line":21,"column":8},"end":{"line":26,"column":9}},"type":"if","locations":[{"start":{"line":21,"column":8},"end":{"line":26,"column":9}},{"start":{"line":24,"column":15},"end":{"line":26,"column":9}}]}},"s":{"0":1,"1":1,"2":1,"3":1,"4":1,"5":1,"6":1,"7":3,"8":3,"9":3,"10":2,"11":2,"12":4,"13":3,"14":3,"15":1,"16":2,"17":3,"18":3,"19":0},"f":{"0":3},"b":{"0":[2,1],"1":[3,2],"2":[3,1]}}
}
