TN:
SF:src/client.ts
FN:10,ensureDaemonRunning
FN:11,(anonymous_10)
FN:15,(anonymous_11)
FN:21,(anonymous_12)
FN:30,resolveToken
FN:39,startDaemon
FN:48,(anonymous_15)
FN:55,sendPromptToDaemon
FN:56,(anonymous_17)
FN:59,(anonymous_18)
FN:65,(anonymous_19)
FNF:11
FNH:10
FNDA:2,ensureDaemonRunning
FNDA:2,(anonymous_10)
FNDA:1,(anonymous_11)
FNDA:1,(anonymous_12)
FNDA:2,resolveToken
FNDA:1,startDaemon
FNDA:1,(anonymous_15)
FNDA:1,sendPromptToDaemon
FNDA:1,(anonymous_17)
FNDA:1,(anonymous_18)
FNDA:0,(anonymous_19)
DA:1,1
DA:2,1
DA:3,1
DA:4,1
DA:5,1
DA:7,1
DA:8,1
DA:10,1
DA:11,2
DA:13,2
DA:15,2
DA:17,1
DA:18,1
DA:21,2
DA:22,1
DA:24,1
DA:26,0
DA:31,2
DA:32,2
DA:33,2
DA:35,0
DA:40,1
DA:41,1
DA:45,1
DA:48,1
DA:49,1
DA:55,1
DA:56,1
DA:57,1
DA:59,1
DA:60,1
DA:61,1
DA:62,1
DA:65,1
DA:66,0
LF:35
LH:32
BRDA:22,0,0,1
BRDA:22,0,1,0
BRF:2
BRH:1
end_of_record
TN:
SF:src/tools.ts
FN:12,handleDelegateWebResearch
FNF:1
FNH:1
FNDA:3,handleDelegateWebResearch
DA:1,1
DA:2,1
DA:3,1
DA:4,1
DA:5,1
DA:7,1
DA:12,1
DA:13,3
DA:14,3
DA:18,3
DA:19,2
DA:20,2
DA:21,4
DA:22,3
DA:23,3
DA:25,1
DA:28,2
DA:32,3
DA:34,3
DA:41,0
LF:20
LH:19
BRDA:18,0,0,2
BRDA:18,0,1,1
BRDA:18,1,0,3
BRDA:18,1,1,2
BRDA:21,2,0,3
BRDA:21,2,1,1
BRF:6
BRH:6
end_of_record
