TN:
SF:mcp-server/src/client.ts
FN:22,ensureDaemonRunning
FN:44,resolveToken
FN:55,startDaemon
FN:89,sendPayloadToDaemon
FN:111,waitForResult
FNF:5
FNH:5
FNDA:2,ensureDaemonRunning
FNDA:2,resolveToken
FNDA:1,startDaemon
FNDA:1,sendPayloadToDaemon
FNDA:2,waitForResult
DA:1,1
DA:2,1
DA:3,1
DA:4,1
DA:5,1
DA:6,1
DA:7,1
DA:8,1
DA:9,1
DA:10,1
DA:11,1
DA:12,1
DA:13,1
DA:14,1
DA:15,1
DA:16,1
DA:17,1
DA:18,1
DA:19,1
DA:20,1
DA:21,1
DA:22,1
DA:23,2
DA:24,2
DA:25,2
DA:26,2
DA:27,2
DA:28,2
DA:29,2
DA:30,1
DA:31,1
DA:32,1
DA:33,2
DA:34,2
DA:35,2
DA:36,1
DA:37,1
DA:38,1
DA:39,1
DA:40,0
DA:41,0
DA:42,2
DA:43,2
DA:44,2
DA:45,2
DA:46,2
DA:47,2
DA:48,2
DA:49,0
DA:50,0
DA:51,0
DA:52,0
DA:53,2
DA:54,2
DA:55,2
DA:56,1
DA:57,1
DA:58,1
DA:59,1
DA:60,1
DA:61,1
DA:62,1
DA:63,1
DA:64,1
DA:65,1
DA:66,1
DA:67,1
DA:68,1
DA:69,1
DA:70,1
DA:71,1
DA:72,1
DA:73,1
DA:74,1
DA:75,1
DA:76,2
DA:77,2
DA:78,1
DA:79,1
DA:80,1
DA:81,1
DA:82,1
DA:83,1
DA:84,1
DA:85,1
DA:86,1
DA:87,1
DA:88,1
DA:89,1
DA:90,1
DA:91,1
DA:92,1
DA:93,1
DA:94,1
DA:95,1
DA:96,1
DA:97,1
DA:98,1
DA:99,1
DA:100,1
DA:101,1
DA:102,1
DA:103,0
DA:104,1
DA:105,1
DA:106,1
DA:107,1
DA:108,1
DA:109,1
DA:110,1
DA:111,1
DA:112,2
DA:113,2
DA:114,2
DA:115,2
DA:116,2
DA:117,2
DA:118,2
DA:119,2
DA:120,2
DA:121,2
DA:122,2
DA:123,2
DA:124,2
DA:125,2
DA:126,2
DA:127,2
DA:128,2
DA:129,2
DA:130,1
DA:131,1
DA:132,1
DA:133,1
DA:134,2
DA:135,2
DA:136,2
DA:137,2
DA:138,1
DA:139,1
DA:140,1
DA:141,1
DA:142,1
DA:143,1
DA:144,1
DA:145,1
DA:146,1
DA:147,1
DA:148,1
DA:149,1
DA:150,1
DA:151,1
DA:152,0
DA:153,1
DA:154,2
DA:155,2
DA:156,2
DA:157,0
DA:158,0
DA:159,0
DA:160,2
DA:161,2
DA:162,2
DA:163,0
DA:164,0
DA:165,2
DA:166,2
DA:167,2
LF:167
LH:154
BRDA:22,0,0,2
BRDA:25,1,0,2
BRDA:29,2,0,1
BRDA:35,3,0,1
BRDA:39,4,0,0
BRDA:44,5,0,2
BRDA:48,6,0,0
BRDA:55,7,0,1
BRDA:72,8,0,1
BRDA:89,9,0,1
BRDA:93,10,0,1
BRDA:96,11,0,1
BRDA:111,12,0,2
BRDA:116,13,0,2
BRDA:122,14,0,2
BRDA:129,15,0,1
BRDA:137,16,0,1
BRDA:151,17,0,0
BRF:18
BRH:15
end_of_record
TN:
SF:mcp-server/src/tools.ts
FN:47,handleDelegateWebResearch
FN:107,handleGetResearchResult
FNF:2
FNH:2
FNDA:3,handleDelegateWebResearch
FNDA:1,handleGetResearchResult
DA:1,1
DA:2,1
DA:3,1
DA:4,1
DA:5,1
DA:6,1
DA:7,1
DA:8,1
DA:9,1
DA:10,1
DA:11,1
DA:12,1
DA:13,1
DA:14,1
DA:15,1
DA:16,1
DA:17,1
DA:18,1
DA:19,1
DA:20,1
DA:21,1
DA:22,1
DA:23,1
DA:24,1
DA:25,1
DA:26,1
DA:27,1
DA:28,1
DA:29,1
DA:30,1
DA:31,1
DA:32,1
DA:33,1
DA:34,1
DA:35,1
DA:36,1
DA:37,1
DA:38,1
DA:39,1
DA:40,1
DA:41,1
DA:42,1
DA:43,1
DA:44,1
DA:45,1
DA:46,1
DA:47,1
DA:48,3
DA:49,3
DA:50,3
DA:51,3
DA:52,3
DA:53,3
DA:54,3
DA:55,3
DA:56,3
DA:57,3
DA:58,2
DA:59,2
DA:60,4
DA:61,3
DA:62,3
DA:63,4
DA:64,1
DA:65,1
DA:66,4
DA:67,2
DA:68,2
DA:69,3
DA:70,3
DA:71,3
DA:72,3
DA:73,3
DA:74,3
DA:75,3
DA:76,3
DA:77,3
DA:78,3
DA:79,3
DA:80,3
DA:81,3
DA:82,3
DA:83,3
DA:84,3
DA:85,3
DA:86,3
DA:87,3
DA:88,3
DA:89,3
DA:90,3
DA:91,3
DA:92,3
DA:93,3
DA:94,3
DA:95,0
DA:96,0
DA:97,0
DA:98,0
DA:99,0
DA:100,0
DA:101,0
DA:102,0
DA:103,0
DA:104,0
DA:105,3
DA:106,1
DA:107,1
DA:108,1
DA:109,1
DA:110,1
DA:111,1
DA:112,1
DA:113,1
DA:114,1
DA:115,1
DA:116,1
DA:117,1
DA:118,1
DA:119,1
DA:120,1
DA:121,1
DA:122,1
DA:123,1
DA:124,1
DA:125,0
DA:126,0
DA:127,0
DA:128,0
DA:129,0
DA:130,0
DA:131,0
DA:132,0
DA:133,0
DA:134,0
DA:135,1
LF:135
LH:115
BRDA:47,0,0,3
BRDA:57,1,0,2
BRDA:57,2,0,2
BRDA:59,3,0,4
BRDA:60,4,0,3
BRDA:63,5,0,1
BRDA:78,6,0,2
BRDA:78,7,0,1
BRDA:94,8,0,0
BRDA:107,9,0,1
BRDA:124,10,0,0
BRF:11
BRH:9
end_of_record
